2020-09-20 09:10:44.573+0000 WARN [o.n.k.i.JvmChecker] You are using an unsupported version of the Java runtime. Please use Oracle(R) Java(TM) Runtime Environment 8, OpenJDK(TM) 8 or IBM J9.
2020-09-20 09:10:44.667+0000 WARN [o.n.i.p.PageCache] The dbms.memory.pagecache.size setting has not been configured. It is recommended that this setting is always explicitly configured, to ensure the system has a balanced configuration. Until then, a computed heuristic value of 3164805120 bytes will be used instead. Run `neo4j-admin memrec` for memory configuration suggestions.
2020-09-20 09:10:45.401+0000 INFO [o.n.g.f.m.e.CommunityEditionModule] No locking implementation specified, defaulting to 'community'
2020-09-20 09:10:45.855+0000 INFO [o.n.g.f.GraphDatabaseFacadeFactory] Creating 'databases' database.
2020-09-20 09:10:46.012+0000 INFO [o.n.k.a.DatabaseAvailabilityGuard] Requirement `Database available` makes database databases unavailable.
2020-09-20 09:10:46.012+0000 INFO [o.n.k.a.DatabaseAvailabilityGuard] Database databases is unavailable.
2020-09-20 09:10:46.074+0000 INFO [o.n.i.d.DiagnosticsManager] --- INITIALIZED diagnostics START ---
2020-09-20 09:10:46.074+0000 INFO [o.n.i.d.DiagnosticsManager] Neo4j Kernel properties:
2020-09-20 09:10:46.074+0000 INFO [o.n.i.d.DiagnosticsManager] unsupported.dbms.directories.neo4j_home=E:\neo4j-community-3.5.21-windows\neo4j-community-3.5.21\data
2020-09-20 09:10:46.074+0000 INFO [o.n.i.d.DiagnosticsManager] dbms.active_database=databases
2020-09-20 09:10:46.074+0000 INFO [o.n.i.d.DiagnosticsManager] unsupported.dbms.directories.databases.root=E:\neo4j-community-3.5.21-windows\neo4j-community-3.5.21\data
2020-09-20 09:10:46.074+0000 INFO [o.n.i.d.DiagnosticsManager] unsupported.dbms.edition=community
2020-09-20 09:10:46.074+0000 INFO [o.n.i.d.DiagnosticsManager] unsupported.dbms.ephemeral=false
2020-09-20 09:10:46.090+0000 INFO [o.n.i.d.DiagnosticsManager] Diagnostics providers:
2020-09-20 09:10:46.090+0000 INFO [o.n.i.d.DiagnosticsManager] org.neo4j.kernel.configuration.Config
2020-09-20 09:10:46.090+0000 INFO [o.n.i.d.DiagnosticsManager] org.neo4j.internal.diagnostics.DiagnosticsManager
2020-09-20 09:10:46.090+0000 INFO [o.n.i.d.DiagnosticsManager] SYSTEM_MEMORY
2020-09-20 09:10:46.090+0000 INFO [o.n.i.d.DiagnosticsManager] JAVA_MEMORY
2020-09-20 09:10:46.090+0000 INFO [o.n.i.d.DiagnosticsManager] OPERATING_SYSTEM
2020-09-20 09:10:46.090+0000 INFO [o.n.i.d.DiagnosticsManager] JAVA_VIRTUAL_MACHINE
2020-09-20 09:10:46.090+0000 INFO [o.n.i.d.DiagnosticsManager] CLASSPATH
2020-09-20 09:10:46.090+0000 INFO [o.n.i.d.DiagnosticsManager] LIBRARY_PATH
2020-09-20 09:10:46.090+0000 INFO [o.n.i.d.DiagnosticsManager] SYSTEM_PROPERTIES
2020-09-20 09:10:46.090+0000 INFO [o.n.i.d.DiagnosticsManager] TIMEZONE_DATABASE
2020-09-20 09:10:46.090+0000 INFO [o.n.i.d.DiagnosticsManager] NETWORK
2020-09-20 09:10:46.090+0000 INFO [o.n.i.d.DiagnosticsManager] System memory information:
2020-09-20 09:10:46.090+0000 INFO [o.n.i.d.DiagnosticsManager] Total Physical memory: 7.86 GB
2020-09-20 09:10:46.090+0000 INFO [o.n.i.d.DiagnosticsManager] Free Physical memory: 2.50 GB
2020-09-20 09:10:46.090+0000 INFO [o.n.i.d.DiagnosticsManager] Committed virtual memory: 277.37 MB
2020-09-20 09:10:46.090+0000 INFO [o.n.i.d.DiagnosticsManager] Total swap space: 10.58 GB
2020-09-20 09:10:46.090+0000 INFO [o.n.i.d.DiagnosticsManager] Free swap space: 2.04 GB
2020-09-20 09:10:46.090+0000 INFO [o.n.i.d.DiagnosticsManager] JVM memory information:
2020-09-20 09:10:46.090+0000 INFO [o.n.i.d.DiagnosticsManager] Free  memory: 80.07 MB
2020-09-20 09:10:46.090+0000 INFO [o.n.i.d.DiagnosticsManager] Total memory: 152.00 MB
2020-09-20 09:10:46.090+0000 INFO [o.n.i.d.DiagnosticsManager] Max   memory: 1.97 GB
2020-09-20 09:10:46.137+0000 INFO [o.n.i.d.DiagnosticsManager] Garbage Collector: G1 Young Generation: [G1 Eden Space, G1 Survivor Space]
2020-09-20 09:10:46.137+0000 INFO [o.n.i.d.DiagnosticsManager] Garbage Collector: G1 Old Generation: [G1 Eden Space, G1 Survivor Space, G1 Old Gen]
2020-09-20 09:10:46.152+0000 INFO [o.n.i.d.DiagnosticsManager] Memory Pool: CodeHeap 'non-nmethods' (Non-heap memory): committed=2.44 MB, used=1.12 MB, max=5.56 MB, threshold=0.00 B
2020-09-20 09:10:46.152+0000 INFO [o.n.i.d.DiagnosticsManager] Memory Pool: Metaspace (Non-heap memory): committed=25.55 MB, used=24.60 MB, max=-1.00 B, threshold=0.00 B
2020-09-20 09:10:46.152+0000 INFO [o.n.i.d.DiagnosticsManager] Memory Pool: CodeHeap 'profiled nmethods' (Non-heap memory): committed=4.44 MB, used=4.42 MB, max=117.19 MB, threshold=0.00 B
2020-09-20 09:10:46.152+0000 INFO [o.n.i.d.DiagnosticsManager] Memory Pool: Compressed Class Space (Non-heap memory): committed=2.80 MB, used=2.56 MB, max=1.00 GB, threshold=0.00 B
2020-09-20 09:10:46.152+0000 INFO [o.n.i.d.DiagnosticsManager] Memory Pool: G1 Eden Space (Heap memory): committed=76.00 MB, used=0.00 B, max=-1.00 B, threshold=?
2020-09-20 09:10:46.152+0000 INFO [o.n.i.d.DiagnosticsManager] Memory Pool: G1 Old Gen (Heap memory): committed=70.00 MB, used=15.53 MB, max=1.97 GB, threshold=0.00 B
2020-09-20 09:10:46.152+0000 INFO [o.n.i.d.DiagnosticsManager] Memory Pool: G1 Survivor Space (Heap memory): committed=6.00 MB, used=6.00 MB, max=-1.00 B, threshold=?
2020-09-20 09:10:46.152+0000 INFO [o.n.i.d.DiagnosticsManager] Memory Pool: CodeHeap 'non-profiled nmethods' (Non-heap memory): committed=2.44 MB, used=1000.63 kB, max=117.25 MB, threshold=0.00 B
2020-09-20 09:10:46.152+0000 INFO [o.n.i.d.DiagnosticsManager] Operating system information:
2020-09-20 09:10:46.152+0000 INFO [o.n.i.d.DiagnosticsManager] Operating System: Windows 10; version: 10.0; arch: amd64; cpus: 4
2020-09-20 09:10:46.199+0000 INFO [o.n.i.d.DiagnosticsManager] Process id: 14908@LAPTOP-F0UVII49
2020-09-20 09:10:46.199+0000 INFO [o.n.i.d.DiagnosticsManager] Byte order: LITTLE_ENDIAN
2020-09-20 09:10:46.230+0000 INFO [o.n.i.d.DiagnosticsManager] Local timezone: Asia/Shanghai
2020-09-20 09:10:46.230+0000 INFO [o.n.i.d.DiagnosticsManager] JVM information:
2020-09-20 09:10:46.230+0000 INFO [o.n.i.d.DiagnosticsManager] VM Name: Java HotSpot(TM) 64-Bit Server VM
2020-09-20 09:10:46.230+0000 INFO [o.n.i.d.DiagnosticsManager] VM Vendor: "Oracle Corporation"
2020-09-20 09:10:46.230+0000 INFO [o.n.i.d.DiagnosticsManager] VM Version: 10.0.2+13
2020-09-20 09:10:46.230+0000 INFO [o.n.i.d.DiagnosticsManager] JIT compiler: HotSpot 64-Bit Tiered Compilers
2020-09-20 09:10:46.230+0000 INFO [o.n.i.d.DiagnosticsManager] VM Arguments: [-javaagent:D:\IntelliJ IDEA\IntelliJ IDEA 2020.1.1\lib\idea_rt.jar=51201:D:\IntelliJ IDEA\IntelliJ IDEA 2020.1.1\bin, -Dfile.encoding=UTF-8]
2020-09-20 09:10:46.230+0000 INFO [o.n.i.d.DiagnosticsManager] Java classpath:
2020-09-20 09:10:46.246+0000 INFO [o.n.i.d.DiagnosticsManager]  [classpath] E:\neo4j-community-3.5.21-windows\neo4j-community-3.5.21\lib\istack-commons-runtime-3.0.8.jar
2020-09-20 09:10:46.246+0000 INFO [o.n.i.d.DiagnosticsManager]  [classpath] E:\neo4j-community-3.5.21-windows\neo4j-community-3.5.21\lib\scala-reflect-2.11.12.jar
2020-09-20 09:10:46.246+0000 INFO [o.n.i.d.DiagnosticsManager]  [classpath] E:\neo4j-community-3.5.21-windows\neo4j-community-3.5.21\lib\concurrentlinkedhashmap-lru-1.4.2.jar
2020-09-20 09:10:46.246+0000 INFO [o.n.i.d.DiagnosticsManager]  [classpath] E:\neo4j-community-3.5.21-windows\neo4j-community-3.5.21\lib\neo4j-parser-3.5-3.5.21.jar
2020-09-20 09:10:46.246+0000 INFO [o.n.i.d.DiagnosticsManager]  [classpath] E:\neo4j-community-3.5.21-windows\neo4j-community-3.5.21\lib\neo4j-3.5.21.jar
2020-09-20 09:10:46.246+0000 INFO [o.n.i.d.DiagnosticsManager]  [classpath] E:\neo4j-community-3.5.21-windows\neo4j-community-3.5.21\lib\neo4j-spatial-index-3.5.21.jar
2020-09-20 09:10:46.246+0000 INFO [o.n.i.d.DiagnosticsManager]  [classpath] E:\neo4j-community-3.5.21-windows\neo4j-community-3.5.21\lib\jetty-server-9.4.17.v20190418.jar
2020-09-20 09:10:46.246+0000 INFO [o.n.i.d.DiagnosticsManager]  [classpath] E:\neo4j-community-3.5.21-windows\neo4j-community-3.5.21\lib\neo4j-cypher-logical-plans-3.4-3.4.18.jar
2020-09-20 09:10:46.246+0000 INFO [o.n.i.d.DiagnosticsManager]  [classpath] E:\neo4j-community-3.5.21-windows\neo4j-community-3.5.21\lib\lucene-queryparser-5.5.5.jar
2020-09-20 09:10:46.246+0000 INFO [o.n.i.d.DiagnosticsManager]  [classpath] E:\neo4j-community-3.5.21-windows\neo4j-community-3.5.21\lib\lucene-core-5.5.5.jar
2020-09-20 09:10:46.246+0000 INFO [o.n.i.d.DiagnosticsManager]  [classpath] E:\neo4j-community-3.5.21-windows\neo4j-community-3.5.21\lib\neo4j-security-3.5.21.jar
2020-09-20 09:10:46.246+0000 INFO [o.n.i.d.DiagnosticsManager]  [classpath] E:\neo4j-community-3.5.21-windows\neo4j-community-3.5.21\lib\jackson-module-jaxb-annotations-2.10.2.jar
2020-09-20 09:10:46.246+0000 INFO [o.n.i.d.DiagnosticsManager]  [classpath] E:\neo4j-community-3.5.21-windows\neo4j-community-3.5.21\lib\neo4j-graph-algo-3.5.21.jar
2020-09-20 09:10:46.246+0000 INFO [o.n.i.d.DiagnosticsManager]  [classpath] E:\neo4j-community-3.5.21-windows\neo4j-community-3.5.21\lib\neo4j-collections-3.5.21.jar
2020-09-20 09:10:46.246+0000 INFO [o.n.i.d.DiagnosticsManager]  [classpath] E:\neo4j-community-3.5.21-windows\neo4j-community-3.5.21\lib\commons-io-2.6.jar
2020-09-20 09:10:46.246+0000 INFO [o.n.i.d.DiagnosticsManager]  [classpath] E:\neo4j-community-3.5.21-windows\neo4j-community-3.5.21\lib\jackson-jaxrs-base-2.10.2.jar
2020-09-20 09:10:46.246+0000 INFO [o.n.i.d.DiagnosticsManager]  [classpath] E:\neo4j-community-3.5.21-windows\neo4j-community-3.5.21\lib\neo4j-concurrent-3.5.21.jar
2020-09-20 09:10:46.246+0000 INFO [o.n.i.d.DiagnosticsManager]  [classpath] E:\neo4j-community-3.5.21-windows\neo4j-community-3.5.21\lib\jsr311-api-1.1.2.r612.jar
2020-09-20 09:10:46.246+0000 INFO [o.n.i.d.DiagnosticsManager]  [classpath] E:\neo4j-community-3.5.21-windows\neo4j-community-3.5.21\lib\jetty-xml-9.4.17.v20190418.jar
2020-09-20 09:10:46.246+0000 INFO [o.n.i.d.DiagnosticsManager]  [classpath] C:\Users\1\.m2\repository\log4j\log4j\1.2.14\log4j-1.2.14.jar
2020-09-20 09:10:46.246+0000 INFO [o.n.i.d.DiagnosticsManager]  [classpath] E:\neo4j-community-3.5.21-windows\neo4j-community-3.5.21\lib\neo4j-expressions-3.5-3.5.21.jar
2020-09-20 09:10:46.246+0000 INFO [o.n.i.d.DiagnosticsManager]  [classpath] E:\neo4j-community-3.5.21-windows\neo4j-community-3.5.21\lib\jetty-util-9.4.17.v20190418.jar
2020-09-20 09:10:46.246+0000 INFO [o.n.i.d.DiagnosticsManager]  [classpath] E:\neo4j-community-3.5.21-windows\neo4j-community-3.5.21\lib\neo4j-ast-3.5-3.5.21.jar
2020-09-20 09:10:46.246+0000 INFO [o.n.i.d.DiagnosticsManager]  [classpath] E:\neo4j-community-3.5.21-windows\neo4j-community-3.5.21\lib\neo4j-lucene-index-3.5.21.jar
2020-09-20 09:10:46.246+0000 INFO [o.n.i.d.DiagnosticsManager]  [classpath] E:\neo4j-community-3.5.21-windows\neo4j-community-3.5.21\lib\neo4j-cypher-planner-spi-3.5-3.5.21.jar
2020-09-20 09:10:46.246+0000 INFO [o.n.i.d.DiagnosticsManager]  [classpath] E:\neo4j-community-3.5.21-windows\neo4j-community-3.5.21\lib\neo4j-kernel-api-3.5.21.jar
2020-09-20 09:10:46.246+0000 INFO [o.n.i.d.DiagnosticsManager]  [classpath] E:\neo4j-community-3.5.21-windows\neo4j-community-3.5.21\lib\parboiled-core-1.1.7.jar
2020-09-20 09:10:46.246+0000 INFO [o.n.i.d.DiagnosticsManager]  [classpath] C:\Users\1\.m2\repository\org\slf4j\slf4j-log4j12\1.4.2\slf4j-log4j12-1.4.2.jar
2020-09-20 09:10:46.246+0000 INFO [o.n.i.d.DiagnosticsManager]  [classpath] E:\neo4j-community-3.5.21-windows\neo4j-community-3.5.21\lib\neo4j-codegen-3.5.21.jar
2020-09-20 09:10:46.246+0000 INFO [o.n.i.d.DiagnosticsManager]  [classpath] E:\neo4j-community-3.5.21-windows\neo4j-community-3.5.21\lib\jProcesses-1.6.4.jar
2020-09-20 09:10:46.246+0000 INFO [o.n.i.d.DiagnosticsManager]  [classpath] E:\neo4j-community-3.5.21-windows\neo4j-community-3.5.21\lib\neo4j-annotation-processors-3.5.21.jar
2020-09-20 09:10:46.246+0000 INFO [o.n.i.d.DiagnosticsManager]  [classpath] E:\neo4j-community-3.5.21-windows\neo4j-community-3.5.21\lib\neo4j-cypher-ir-3.4-3.4.18.jar
2020-09-20 09:10:46.246+0000 INFO [o.n.i.d.DiagnosticsManager]  [classpath] E:\neo4j-community-3.5.21-windows\neo4j-community-3.5.21\lib\neo4j-common-3.5.21.jar
2020-09-20 09:10:46.246+0000 INFO [o.n.i.d.DiagnosticsManager]  [classpath] E:\neo4j-community-3.5.21-windows\neo4j-community-3.5.21\lib\neo4j-index-3.5.21.jar
2020-09-20 09:10:46.246+0000 INFO [o.n.i.d.DiagnosticsManager]  [classpath] E:\neo4j-community-3.5.21-windows\neo4j-community-3.5.21\lib\commons-lang-2.6.jar
2020-09-20 09:10:46.246+0000 INFO [o.n.i.d.DiagnosticsManager]  [classpath] E:\neo4j-community-3.5.21-windows\neo4j-community-3.5.21\lib\neo4j-cypher-logical-plans-3.5-3.5.21.jar
2020-09-20 09:10:46.246+0000 INFO [o.n.i.d.DiagnosticsManager]  [classpath] E:\neo4j-community-3.5.21-windows\neo4j-community-3.5.21\lib\neo4j-procedure-api-3.5.21.jar
2020-09-20 09:10:46.246+0000 INFO [o.n.i.d.DiagnosticsManager]  [classpath] E:\neo4j-community-3.5.21-windows\neo4j-community-3.5.21\lib\neo4j-configuration-3.5.21.jar
2020-09-20 09:10:46.246+0000 INFO [o.n.i.d.DiagnosticsManager]  [classpath] E:\neo4j-community-3.5.21-windows\neo4j-community-3.5.21\lib\commons-compress-1.19.jar
2020-09-20 09:10:46.246+0000 INFO [o.n.i.d.DiagnosticsManager]  [classpath] E:\neo4j-community-3.5.21-windows\neo4j-community-3.5.21\lib\openCypher-frontend-1-3.4.18.jar
2020-09-20 09:10:46.246+0000 INFO [o.n.i.d.DiagnosticsManager]  [classpath] E:\neo4j-community-3.5.21-windows\neo4j-community-3.5.21\lib\neo4j-import-tool-3.5.21.jar
2020-09-20 09:10:46.246+0000 INFO [o.n.i.d.DiagnosticsManager]  [classpath] E:\neo4j-community-3.5.21-windows\neo4j-community-3.5.21\lib\txw2-2.3.2.jar
2020-09-20 09:10:46.246+0000 INFO [o.n.i.d.DiagnosticsManager]  [classpath] E:\neo4j-community-3.5.21-windows\neo4j-community-3.5.21\lib\bcprov-jdk15on-1.64.jar
2020-09-20 09:10:46.246+0000 INFO [o.n.i.d.DiagnosticsManager]  [classpath] E:\neo4j-community-3.5.21-windows\neo4j-community-3.5.21\lib\jetty-webapp-9.4.17.v20190418.jar
2020-09-20 09:10:46.246+0000 INFO [o.n.i.d.DiagnosticsManager]  [classpath] E:\neo4j-community-3.5.21-windows\neo4j-community-3.5.21\lib\jetty-security-9.4.17.v20190418.jar
2020-09-20 09:10:46.246+0000 INFO [o.n.i.d.DiagnosticsManager]  [classpath] E:\neo4j-community-3.5.21-windows\neo4j-community-3.5.21\lib\jetty-http-9.4.17.v20190418.jar
2020-09-20 09:10:46.246+0000 INFO [o.n.i.d.DiagnosticsManager]  [classpath] E:\neo4j-community-3.5.21-windows\neo4j-community-3.5.21\lib\neo4j-cypher-util-3.4-3.4.18.jar
2020-09-20 09:10:46.246+0000 INFO [o.n.i.d.DiagnosticsManager]  [classpath] E:\Project1\target\classes
2020-09-20 09:10:46.246+0000 INFO [o.n.i.d.DiagnosticsManager]  [classpath] E:\neo4j-community-3.5.21-windows\neo4j-community-3.5.21\lib\lucene-codecs-5.5.5.jar
2020-09-20 09:10:46.246+0000 INFO [o.n.i.d.DiagnosticsManager]  [classpath] E:\neo4j-community-3.5.21-windows\neo4j-community-3.5.21\lib\javax.servlet-api-3.1.0.jar
2020-09-20 09:10:46.252+0000 INFO [o.n.i.d.DiagnosticsManager]  [classpath] E:\neo4j-community-3.5.21-windows\neo4j-community-3.5.21\lib\parboiled-scala_2.11-1.1.7.jar
2020-09-20 09:10:46.252+0000 INFO [o.n.i.d.DiagnosticsManager]  [classpath] E:\neo4j-community-3.5.21-windows\neo4j-community-3.5.21\lib\jackson-core-2.10.2.jar
2020-09-20 09:10:46.252+0000 INFO [o.n.i.d.DiagnosticsManager]  [classpath] E:\neo4j-community-3.5.21-windows\neo4j-community-3.5.21\lib\neo4j-cypher-compiler-3.1-3.1.9.jar
2020-09-20 09:10:46.252+0000 INFO [o.n.i.d.DiagnosticsManager]  [classpath] E:\neo4j-community-3.5.21-windows\neo4j-community-3.5.21\lib\neo4j-front-end-3.5-3.5.21.jar
2020-09-20 09:10:46.252+0000 INFO [o.n.i.d.DiagnosticsManager]  [classpath] E:\neo4j-community-3.5.21-windows\neo4j-community-3.5.21\lib\neo4j-cypher-expression-evaluator-3.5.21.jar
2020-09-20 09:10:46.252+0000 INFO [o.n.i.d.DiagnosticsManager]  [classpath] E:\neo4j-community-3.5.21-windows\neo4j-community-3.5.21\lib\opencsv-2.3.jar
2020-09-20 09:10:46.252+0000 INFO [o.n.i.d.DiagnosticsManager]  [classpath] C:\Users\1\.m2\repository\org\apache\wicket\wicket\1.3.2\wicket-1.3.2.jar
2020-09-20 09:10:46.252+0000 INFO [o.n.i.d.DiagnosticsManager]  [classpath] D:\JADE\jade\lib\jadeExamples.jar
2020-09-20 09:10:46.252+0000 INFO [o.n.i.d.DiagnosticsManager]  [classpath] E:\neo4j-community-3.5.21-windows\neo4j-community-3.5.21\lib\netty-all-4.1.48.Final.jar
2020-09-20 09:10:46.252+0000 INFO [o.n.i.d.DiagnosticsManager]  [classpath] E:\neo4j-community-3.5.21-windows\neo4j-community-3.5.21\lib\neo4j-io-3.5.21.jar
2020-09-20 09:10:46.252+0000 INFO [o.n.i.d.DiagnosticsManager]  [classpath] E:\neo4j-community-3.5.21-windows\neo4j-community-3.5.21\lib\jaxb-api-2.3.0.jar
2020-09-20 09:10:46.252+0000 INFO [o.n.i.d.DiagnosticsManager]  [classpath] E:\neo4j-community-3.5.21-windows\neo4j-community-3.5.21\lib\jetty-servlet-9.4.17.v20190418.jar
2020-09-20 09:10:46.253+0000 INFO [o.n.i.d.DiagnosticsManager]  [classpath] E:\neo4j-community-3.5.21-windows\neo4j-community-3.5.21\lib\eclipse-collections-api-9.2.0.jar
2020-09-20 09:10:46.253+0000 INFO [o.n.i.d.DiagnosticsManager]  [classpath] E:\neo4j-community-3.5.21-windows\neo4j-community-3.5.21\lib\neo4j-udc-3.5.21.jar
2020-09-20 09:10:46.253+0000 INFO [o.n.i.d.DiagnosticsManager]  [classpath] E:\neo4j-community-3.5.21-windows\neo4j-community-3.5.21\lib\neo4j-cypher-compiler-2.3-2.3.12.jar
2020-09-20 09:10:46.253+0000 INFO [o.n.i.d.DiagnosticsManager]  [classpath] E:\neo4j-community-3.5.21-windows\neo4j-community-3.5.21\lib\neo4j-cypher-expression-3.4-3.4.18.jar
2020-09-20 09:10:46.253+0000 INFO [o.n.i.d.DiagnosticsManager]  [classpath] E:\neo4j-community-3.5.21-windows\neo4j-community-3.5.21\lib\neo4j-values-3.5.21.jar
2020-09-20 09:10:46.253+0000 INFO [o.n.i.d.DiagnosticsManager]  [classpath] E:\neo4j-community-3.5.21-windows\neo4j-community-3.5.21\lib\commons-text-1.4.jar
2020-09-20 09:10:46.253+0000 INFO [o.n.i.d.DiagnosticsManager]  [classpath] E:\neo4j-community-3.5.21-windows\neo4j-community-3.5.21\lib\neo4j-bolt-3.5.21.jar
2020-09-20 09:10:46.253+0000 INFO [o.n.i.d.DiagnosticsManager]  [classpath] E:\neo4j-community-3.5.21-windows\neo4j-community-3.5.21\lib\commons-logging-1.1.1.jar
2020-09-20 09:10:46.254+0000 INFO [o.n.i.d.DiagnosticsManager]  [classpath] E:\neo4j-community-3.5.21-windows\neo4j-community-3.5.21\lib\neo4j-legacy-3.5.21.jar
2020-09-20 09:10:46.254+0000 INFO [o.n.i.d.DiagnosticsManager]  [classpath] E:\neo4j-community-3.5.21-windows\neo4j-community-3.5.21\lib\jakarta.activation-api-1.2.1.jar
2020-09-20 09:10:46.254+0000 INFO [o.n.i.d.DiagnosticsManager]  [classpath] E:\neo4j-community-3.5.21-windows\neo4j-community-3.5.21\lib\neo4j-fulltext-index-3.5.21.jar
2020-09-20 09:10:46.254+0000 INFO [o.n.i.d.DiagnosticsManager]  [classpath] E:\neo4j-community-3.5.21-windows\neo4j-community-3.5.21\lib\neo4j-kernel-3.5.21.jar
2020-09-20 09:10:46.254+0000 INFO [o.n.i.d.DiagnosticsManager]  [classpath] E:\neo4j-community-3.5.21-windows\neo4j-community-3.5.21\lib\neo4j-csv-3.5.21.jar
2020-09-20 09:10:46.254+0000 INFO [o.n.i.d.DiagnosticsManager]  [classpath] E:\neo4j-community-3.5.21-windows\neo4j-community-3.5.21\lib\jaxb-runtime-2.3.2.jar
2020-09-20 09:10:46.254+0000 INFO [o.n.i.d.DiagnosticsManager]  [classpath] E:\neo4j-community-3.5.21-windows\neo4j-community-3.5.21\lib\neo4j-unsafe-3.5.21.jar
2020-09-20 09:10:46.254+0000 INFO [o.n.i.d.DiagnosticsManager]  [classpath] C:\Users\1\.m2\repository\org\slf4j\slf4j-api\1.4.2\slf4j-api-1.4.2.jar
2020-09-20 09:10:46.255+0000 INFO [o.n.i.d.DiagnosticsManager]  [classpath] E:\neo4j-community-3.5.21-windows\neo4j-community-3.5.21\lib\neo4j-cypher-planner-3.4-3.4.18.jar
2020-09-20 09:10:46.255+0000 INFO [o.n.i.d.DiagnosticsManager]  [classpath] E:\neo4j-community-3.5.21-windows\neo4j-community-3.5.21\lib\neo4j-cypher-ir-3.5-3.5.21.jar
2020-09-20 09:10:46.255+0000 INFO [o.n.i.d.DiagnosticsManager]  [classpath] E:\neo4j-community-3.5.21-windows\neo4j-community-3.5.21\lib\neo4j-cypher-frontend-3.1-3.1.9.jar
2020-09-20 09:10:46.255+0000 INFO [o.n.i.d.DiagnosticsManager]  [classpath] E:\neo4j-community-3.5.21-windows\neo4j-community-3.5.21\lib\jetty-io-9.4.17.v20190418.jar
2020-09-20 09:10:46.255+0000 INFO [o.n.i.d.DiagnosticsManager]  [classpath] E:\neo4j-community-3.5.21-windows\neo4j-community-3.5.21\lib\server-api-3.5.21.jar
2020-09-20 09:10:46.255+0000 INFO [o.n.i.d.DiagnosticsManager]  [classpath] E:\neo4j-community-3.5.21-windows\neo4j-community-3.5.21\lib\lucene-analyzers-common-5.5.5.jar
2020-09-20 09:10:46.255+0000 INFO [o.n.i.d.DiagnosticsManager]  [classpath] E:\neo4j-community-3.5.21-windows\neo4j-community-3.5.21\lib\neo4j-jmx-3.5.21.jar
2020-09-20 09:10:46.255+0000 INFO [o.n.i.d.DiagnosticsManager]  [classpath] E:\neo4j-community-3.5.21-windows\neo4j-community-3.5.21\lib\bcpkix-jdk15on-1.64.jar
2020-09-20 09:10:46.255+0000 INFO [o.n.i.d.DiagnosticsManager]  [classpath] D:\JADE\jade\lib\jade.jar
2020-09-20 09:10:46.255+0000 INFO [o.n.i.d.DiagnosticsManager]  [classpath] E:\NLP_Library\apache-opennlp-1.9.2-bin\apache-opennlp-1.9.2\lib\opennlp-tools-1.9.2.jar
2020-09-20 09:10:46.255+0000 INFO [o.n.i.d.DiagnosticsManager]  [classpath] E:\neo4j-community-3.5.21-windows\neo4j-community-3.5.21\lib\jPowerShell-1.9.jar
2020-09-20 09:10:46.255+0000 INFO [o.n.i.d.DiagnosticsManager]  [classpath] E:\neo4j-community-3.5.21-windows\neo4j-community-3.5.21\lib\stax-ex-1.8.1.jar
2020-09-20 09:10:46.256+0000 INFO [o.n.i.d.DiagnosticsManager]  [classpath] E:\neo4j-community-3.5.21-windows\neo4j-community-3.5.21\lib\neo4j-rewriting-3.5-3.5.21.jar
2020-09-20 09:10:46.256+0000 INFO [o.n.i.d.DiagnosticsManager]  [classpath] E:\neo4j-community-3.5.21-windows\neo4j-community-3.5.21\lib\neo4j-resource-3.5.21.jar
2020-09-20 09:10:46.256+0000 INFO [o.n.i.d.DiagnosticsManager]  [classpath] E:\neo4j-community-3.5.21-windows\neo4j-community-3.5.21\lib\commons-configuration-1.10.jar
2020-09-20 09:10:46.256+0000 INFO [o.n.i.d.DiagnosticsManager]  [classpath] E:\neo4j-community-3.5.21-windows\neo4j-community-3.5.21\lib\eclipse-collections-9.2.0.jar
2020-09-20 09:10:46.256+0000 INFO [o.n.i.d.DiagnosticsManager]  [classpath] E:\neo4j-community-3.5.21-windows\neo4j-community-3.5.21\lib\neo4j-util-3.5-3.5.21.jar
2020-09-20 09:10:46.256+0000 INFO [o.n.i.d.DiagnosticsManager]  [classpath] E:\neo4j-community-3.5.21-windows\neo4j-community-3.5.21\lib\jersey-core-1.19.3.jar
2020-09-20 09:10:46.256+0000 INFO [o.n.i.d.DiagnosticsManager]  [classpath] E:\neo4j-community-3.5.21-windows\neo4j-community-3.5.21\lib\neo4j-cypher-interpreted-runtime-3.5.21.jar
2020-09-20 09:10:46.257+0000 INFO [o.n.i.d.DiagnosticsManager]  [classpath] E:\neo4j-community-3.5.21-windows\neo4j-community-3.5.21\lib\zstd-jni-1.3.8-6.jar
2020-09-20 09:10:46.257+0000 INFO [o.n.i.d.DiagnosticsManager]  [classpath] E:\neo4j-community-3.5.21-windows\neo4j-community-3.5.21\lib\jackson-jaxrs-json-provider-2.10.2.jar
2020-09-20 09:10:46.257+0000 INFO [o.n.i.d.DiagnosticsManager]  [classpath] E:\neo4j-community-3.5.21-windows\neo4j-community-3.5.21\lib\neo4j-cypher-runtime-util-3.5.21.jar
2020-09-20 09:10:46.257+0000 INFO [o.n.i.d.DiagnosticsManager]  [classpath] E:\neo4j-community-3.5.21-windows\neo4j-community-3.5.21\lib\scala-library-2.11.12.jar
2020-09-20 09:10:46.257+0000 INFO [o.n.i.d.DiagnosticsManager]  [classpath] E:\neo4j-community-3.5.21-windows\neo4j-community-3.5.21\lib\neo4j-lucene-upgrade-3.5.21.jar
2020-09-20 09:10:46.257+0000 INFO [o.n.i.d.DiagnosticsManager]  [classpath] E:\neo4j-community-3.5.21-windows\neo4j-community-3.5.21\lib\neo4j-cypher-planner-spi-3.4-3.4.18.jar
2020-09-20 09:10:46.257+0000 INFO [o.n.i.d.DiagnosticsManager]  [classpath] E:\neo4j-community-3.5.21-windows\neo4j-community-3.5.21\lib\neo4j-logging-3.5.21.jar
2020-09-20 09:10:46.257+0000 INFO [o.n.i.d.DiagnosticsManager]  [classpath] E:\neo4j-community-3.5.21-windows\neo4j-community-3.5.21\lib\neo4j-push-to-cloud-3.5.21.jar
2020-09-20 09:10:46.257+0000 INFO [o.n.i.d.DiagnosticsManager]  [classpath] E:\neo4j-community-3.5.21-windows\neo4j-community-3.5.21\lib\activation-1.1.1.jar
2020-09-20 09:10:46.257+0000 INFO [o.n.i.d.DiagnosticsManager]  [classpath] E:\neo4j-community-3.5.21-windows\neo4j-community-3.5.21\lib\commons-lang3-3.8.jar
2020-09-20 09:10:46.257+0000 INFO [o.n.i.d.DiagnosticsManager]  [classpath] E:\neo4j-community-3.5.21-windows\neo4j-community-3.5.21\lib\caffeine-2.6.2.jar
2020-09-20 09:10:46.257+0000 INFO [o.n.i.d.DiagnosticsManager]  [classpath] E:\neo4j-community-3.5.21-windows\neo4j-community-3.5.21\lib\neo4j-graphdb-api-3.5.21.jar
2020-09-20 09:10:46.257+0000 INFO [o.n.i.d.DiagnosticsManager]  [classpath] E:\neo4j-community-3.5.21-windows\neo4j-community-3.5.21\lib\jersey-server-1.19.3.jar
2020-09-20 09:10:46.258+0000 INFO [o.n.i.d.DiagnosticsManager]  [classpath] E:\neo4j-community-3.5.21-windows\neo4j-community-3.5.21\lib\neo4j-consistency-check-3.5.21.jar
2020-09-20 09:10:46.258+0000 INFO [o.n.i.d.DiagnosticsManager]  [classpath] E:\neo4j-community-3.5.21-windows\neo4j-community-3.5.21\lib\neo4j-command-line-3.5.21.jar
2020-09-20 09:10:46.258+0000 INFO [o.n.i.d.DiagnosticsManager]  [classpath] E:\neo4j-community-3.5.21-windows\neo4j-community-3.5.21\lib\neo4j-data-collector-3.5.21.jar
2020-09-20 09:10:46.258+0000 INFO [o.n.i.d.DiagnosticsManager]  [classpath] E:\neo4j-community-3.5.21-windows\neo4j-community-3.5.21\lib\jakarta.xml.bind-api-2.3.2.jar
2020-09-20 09:10:46.259+0000 INFO [o.n.i.d.DiagnosticsManager]  [classpath] E:\neo4j-community-3.5.21-windows\neo4j-community-3.5.21\lib\neo4j-cypher-3.5.21.jar
2020-09-20 09:10:46.271+0000 INFO [o.n.i.d.DiagnosticsManager]  [classpath] E:\neo4j-community-3.5.21-windows\neo4j-community-3.5.21\lib\jackson-databind-2.10.2.jar
2020-09-20 09:10:46.276+0000 INFO [o.n.i.d.DiagnosticsManager]  [classpath] E:\neo4j-community-3.5.21-windows\neo4j-community-3.5.21\lib\WMI4Java-1.6.1.jar
2020-09-20 09:10:46.277+0000 INFO [o.n.i.d.DiagnosticsManager]  [classpath] E:\neo4j-community-3.5.21-windows\neo4j-community-3.5.21\lib\neo4j-cypher-frontend-2.3-2.3.12.jar
2020-09-20 09:10:46.277+0000 INFO [o.n.i.d.DiagnosticsManager]  [classpath] E:\neo4j-community-3.5.21-windows\neo4j-community-3.5.21\lib\neo4j-graph-matching-3.1.9.jar
2020-09-20 09:10:46.277+0000 INFO [o.n.i.d.DiagnosticsManager]  [classpath] E:\neo4j-community-3.5.21-windows\neo4j-community-3.5.21\lib\neo4j-cypher-planner-3.5-3.5.21.jar
2020-09-20 09:10:46.277+0000 INFO [o.n.i.d.DiagnosticsManager]  [classpath] E:\neo4j-community-3.5.21-windows\neo4j-community-3.5.21\lib\jersey-servlet-1.19.3.jar
2020-09-20 09:10:46.277+0000 INFO [o.n.i.d.DiagnosticsManager]  [classpath] E:\neo4j-community-3.5.21-windows\neo4j-community-3.5.21\lib\neo4j-server-3.5.21.jar
2020-09-20 09:10:46.277+0000 INFO [o.n.i.d.DiagnosticsManager]  [classpath] E:\neo4j-community-3.5.21-windows\neo4j-community-3.5.21\lib\jackson-annotations-2.10.2.jar
2020-09-20 09:10:46.277+0000 INFO [o.n.i.d.DiagnosticsManager]  [classpath] E:\neo4j-community-3.5.21-windows\neo4j-community-3.5.21\lib\FastInfoset-1.2.16.jar
2020-09-20 09:10:46.277+0000 INFO [o.n.i.d.DiagnosticsManager]  [classpath] E:\neo4j-community-3.5.21-windows\neo4j-community-3.5.21\lib\neo4j-diagnostics-3.5.21.jar
2020-09-20 09:10:46.277+0000 INFO [o.n.i.d.DiagnosticsManager]  [classpath] E:\neo4j-community-3.5.21-windows\neo4j-community-3.5.21\lib\neo4j-ssl-3.5.21.jar
2020-09-20 09:10:46.277+0000 INFO [o.n.i.d.DiagnosticsManager]  [classpath] E:\neo4j-community-3.5.21-windows\neo4j-community-3.5.21\lib\neo4j-dbms-3.5.21.jar
2020-09-20 09:10:46.277+0000 INFO [o.n.i.d.DiagnosticsManager] Library path:
2020-09-20 09:10:46.277+0000 INFO [o.n.i.d.DiagnosticsManager] C:\Program Files\Java\jdk-10.0.2\bin
2020-09-20 09:10:46.277+0000 INFO [o.n.i.d.DiagnosticsManager] C:\Windows\Sun\Java\bin
2020-09-20 09:10:46.277+0000 INFO [o.n.i.d.DiagnosticsManager] C:\Windows\System32
2020-09-20 09:10:46.277+0000 INFO [o.n.i.d.DiagnosticsManager] C:\Windows
2020-09-20 09:10:46.277+0000 INFO [o.n.i.d.DiagnosticsManager] E:\Project1
2020-09-20 09:10:46.277+0000 INFO [o.n.i.d.DiagnosticsManager] C:\Program Files\Java\jdk-10.0.2\bin
2020-09-20 09:10:46.277+0000 INFO [o.n.i.d.DiagnosticsManager] C:\Program Files\Java\jdk-10.0.2\jre\bin
2020-09-20 09:10:46.277+0000 INFO [o.n.i.d.DiagnosticsManager] C:\Windows\System32
2020-09-20 09:10:46.277+0000 INFO [o.n.i.d.DiagnosticsManager] C:\Windows
2020-09-20 09:10:46.277+0000 INFO [o.n.i.d.DiagnosticsManager] C:\Windows\System32\wbem
2020-09-20 09:10:46.277+0000 INFO [o.n.i.d.DiagnosticsManager] D:\Nodejs
2020-09-20 09:10:46.277+0000 INFO [o.n.i.d.DiagnosticsManager] C:\Windows\System32\WindowsPowerShell\v1.0
2020-09-20 09:10:46.293+0000 INFO [o.n.i.d.DiagnosticsManager] C:\Users\1\AppData\Local\Programs\Python\Python37-32\Scripts
2020-09-20 09:10:46.293+0000 INFO [o.n.i.d.DiagnosticsManager] C:\Users\1\AppData\Local\Programs\Python\Python37-32
2020-09-20 09:10:46.324+0000 INFO [o.n.i.d.DiagnosticsManager] E:\Project1\"：C:\WINDOWS\System32
2020-09-20 09:10:46.324+0000 INFO [o.n.i.d.DiagnosticsManager] C:\Windows
2020-09-20 09:10:46.324+0000 INFO [o.n.i.d.DiagnosticsManager] C:\Windows\System32\wbem
2020-09-20 09:10:46.339+0000 INFO [o.n.i.d.DiagnosticsManager] C:\Windows\System32\WindowsPowerShell\v1.0\.
2020-09-20 09:10:46.339+0000 INFO [o.n.i.d.DiagnosticsManager] C:\Users\1\AppData\Local\GitHubDesktop\bin
2020-09-20 09:10:46.339+0000 INFO [o.n.i.d.DiagnosticsManager] C:\Users\1\AppData\Local\Microsoft\WindowsApps
2020-09-20 09:10:46.355+0000 INFO [o.n.i.d.DiagnosticsManager] C:\Users\1\AppData\Roaming\npm
2020-09-20 09:10:46.355+0000 INFO [o.n.i.d.DiagnosticsManager] E:\Project1
2020-09-20 09:10:46.355+0000 INFO [o.n.i.d.DiagnosticsManager] System.properties:
2020-09-20 09:10:46.355+0000 INFO [o.n.i.d.DiagnosticsManager] sun.desktop = windows
2020-09-20 09:10:46.355+0000 INFO [o.n.i.d.DiagnosticsManager] awt.toolkit = sun.awt.windows.WToolkit
2020-09-20 09:10:46.355+0000 INFO [o.n.i.d.DiagnosticsManager] file.encoding.pkg = sun.io
2020-09-20 09:10:46.355+0000 INFO [o.n.i.d.DiagnosticsManager] sun.cpu.isalist = amd64
2020-09-20 09:10:46.355+0000 INFO [o.n.i.d.DiagnosticsManager] sun.jnu.encoding = GBK
2020-09-20 09:10:46.355+0000 INFO [o.n.i.d.DiagnosticsManager] sun.arch.data.model = 64
2020-09-20 09:10:46.355+0000 INFO [o.n.i.d.DiagnosticsManager] user.variant = 
2020-09-20 09:10:46.355+0000 INFO [o.n.i.d.DiagnosticsManager] user.timezone = Asia/Shanghai
2020-09-20 09:10:46.355+0000 INFO [o.n.i.d.DiagnosticsManager] sun.java.launcher = SUN_STANDARD
2020-09-20 09:10:46.355+0000 INFO [o.n.i.d.DiagnosticsManager] user.country = CN
2020-09-20 09:10:46.355+0000 INFO [o.n.i.d.DiagnosticsManager] sun.boot.library.path = C:\Program Files\Java\jdk-10.0.2\bin
2020-09-20 09:10:46.355+0000 INFO [o.n.i.d.DiagnosticsManager] sun.java.command = Ontology.ontology_2
2020-09-20 09:10:46.355+0000 INFO [o.n.i.d.DiagnosticsManager] jdk.debug = release
2020-09-20 09:10:46.355+0000 INFO [o.n.i.d.DiagnosticsManager] sun.cpu.endian = little
2020-09-20 09:10:46.355+0000 INFO [o.n.i.d.DiagnosticsManager] user.home = C:\Users\1
2020-09-20 09:10:46.355+0000 INFO [o.n.i.d.DiagnosticsManager] user.language = zh
2020-09-20 09:10:46.355+0000 INFO [o.n.i.d.DiagnosticsManager] file.separator = \
2020-09-20 09:10:46.355+0000 INFO [o.n.i.d.DiagnosticsManager] user.script = 
2020-09-20 09:10:46.355+0000 INFO [o.n.i.d.DiagnosticsManager] sun.management.compiler = HotSpot 64-Bit Tiered Compilers
2020-09-20 09:10:46.355+0000 INFO [o.n.i.d.DiagnosticsManager] user.name = 1
2020-09-20 09:10:46.355+0000 INFO [o.n.i.d.DiagnosticsManager] path.separator = ;
2020-09-20 09:10:46.355+0000 INFO [o.n.i.d.DiagnosticsManager] file.encoding = UTF-8
2020-09-20 09:10:46.355+0000 INFO [o.n.i.d.DiagnosticsManager] user.dir = E:\Project1
2020-09-20 09:10:46.355+0000 INFO [o.n.i.d.DiagnosticsManager] sun.os.patch.level = 
2020-09-20 09:10:46.355+0000 INFO [o.n.i.d.DiagnosticsManager] sun.io.unicode.encoding = UnicodeLittle
2020-09-20 09:10:46.355+0000 INFO [o.n.i.d.DiagnosticsManager] (IANA) TimeZone Database Version:
2020-09-20 09:10:46.433+0000 INFO [o.n.i.d.DiagnosticsManager]   TimeZone version: 2018e (available for 599 zone identifiers)
2020-09-20 09:10:46.433+0000 INFO [o.n.i.d.DiagnosticsManager] Network information:
2020-09-20 09:10:47.558+0000 INFO [o.n.i.d.DiagnosticsManager] Interface Software Loopback Interface 1:
2020-09-20 09:10:47.558+0000 INFO [o.n.i.d.DiagnosticsManager]     address: 127.0.0.1
2020-09-20 09:10:47.558+0000 INFO [o.n.i.d.DiagnosticsManager]     address: 0:0:0:0:0:0:0:1
2020-09-20 09:10:47.558+0000 INFO [o.n.i.d.DiagnosticsManager] Interface Microsoft Wi-Fi Direct Virtual Adapter #3:
2020-09-20 09:10:47.558+0000 INFO [o.n.i.d.DiagnosticsManager]     address: fe80:0:0:0:b0d4:94ef:df0e:37f5%wlan0
2020-09-20 09:10:47.558+0000 INFO [o.n.i.d.DiagnosticsManager] Interface Bluetooth Device (Personal Area Network):
2020-09-20 09:10:47.558+0000 INFO [o.n.i.d.DiagnosticsManager]     address: fe80:0:0:0:8c56:1460:61e2:71e1%eth0
2020-09-20 09:10:47.558+0000 INFO [o.n.i.d.DiagnosticsManager] Interface Microsoft 6to4 Adapter:
2020-09-20 09:10:47.558+0000 INFO [o.n.i.d.DiagnosticsManager] Interface Microsoft Wi-Fi Direct Virtual Adapter #2:
2020-09-20 09:10:47.558+0000 INFO [o.n.i.d.DiagnosticsManager] Interface WAN Miniport (PPPOE):
2020-09-20 09:10:47.558+0000 INFO [o.n.i.d.DiagnosticsManager] Interface Microsoft IP-HTTPS Platform Adapter:
2020-09-20 09:10:47.558+0000 INFO [o.n.i.d.DiagnosticsManager] Interface WAN Miniport (IP):
2020-09-20 09:10:47.558+0000 INFO [o.n.i.d.DiagnosticsManager] Interface ASIX AX88772B USB2.0 to Fast Ethernet Adapter:
2020-09-20 09:10:47.558+0000 INFO [o.n.i.d.DiagnosticsManager] Interface Qualcomm Atheros QCA9377 Wireless Network Adapter:
2020-09-20 09:10:47.558+0000 INFO [o.n.i.d.DiagnosticsManager]     address: 172.16.18.251
2020-09-20 09:10:47.558+0000 INFO [o.n.i.d.DiagnosticsManager]     address: fe80:0:0:0:484e:a9c9:562f:dad9%wlan2
2020-09-20 09:10:47.558+0000 INFO [o.n.i.d.DiagnosticsManager] Interface Microsoft Teredo Tunneling Adapter:
2020-09-20 09:10:47.558+0000 INFO [o.n.i.d.DiagnosticsManager] Interface WAN Miniport (L2TP):
2020-09-20 09:10:47.558+0000 INFO [o.n.i.d.DiagnosticsManager] Interface TAP-Windows Adapter V9:
2020-09-20 09:10:47.558+0000 INFO [o.n.i.d.DiagnosticsManager]     address: fe80:0:0:0:5452:31e1:ebc2:c617%eth3
2020-09-20 09:10:47.558+0000 INFO [o.n.i.d.DiagnosticsManager] Interface Microsoft Wi-Fi Direct Virtual Adapter:
2020-09-20 09:10:47.558+0000 INFO [o.n.i.d.DiagnosticsManager] Interface WAN Miniport (SSTP):
2020-09-20 09:10:47.558+0000 INFO [o.n.i.d.DiagnosticsManager] Interface Microsoft Kernel Debug Network Adapter:
2020-09-20 09:10:47.558+0000 INFO [o.n.i.d.DiagnosticsManager] Interface RD9700 USB2.0 To Fast Ethernet Adapter:
2020-09-20 09:10:47.558+0000 INFO [o.n.i.d.DiagnosticsManager] Interface USB to Ethernet Adapter:
2020-09-20 09:10:47.558+0000 INFO [o.n.i.d.DiagnosticsManager] Interface WAN Miniport (Network Monitor):
2020-09-20 09:10:47.558+0000 INFO [o.n.i.d.DiagnosticsManager] Interface WAN Miniport (IPv6):
2020-09-20 09:10:47.558+0000 INFO [o.n.i.d.DiagnosticsManager] Interface WAN Miniport (PPTP):
2020-09-20 09:10:47.558+0000 INFO [o.n.i.d.DiagnosticsManager] Interface Microsoft Wi-Fi Direct Virtual Adapter #4:
2020-09-20 09:10:47.558+0000 INFO [o.n.i.d.DiagnosticsManager]     address: fe80:0:0:0:f842:6f6c:e85b:1616%wlan4
2020-09-20 09:10:47.558+0000 INFO [o.n.i.d.DiagnosticsManager] Interface WAN Miniport (IKEv2):
2020-09-20 09:10:47.558+0000 INFO [o.n.i.d.DiagnosticsManager] Interface TAP-Windows Adapter V9-WFP Native MAC Layer LightWeight Filter-0000:
2020-09-20 09:10:47.558+0000 INFO [o.n.i.d.DiagnosticsManager] Interface TAP-Windows Adapter V9-QoS Packet Scheduler-0000:
2020-09-20 09:10:47.558+0000 INFO [o.n.i.d.DiagnosticsManager] Interface TAP-Windows Adapter V9-WFP 802.3 MAC Layer LightWeight Filter-0000:
2020-09-20 09:10:47.558+0000 INFO [o.n.i.d.DiagnosticsManager] Interface Qualcomm Atheros QCA9377 Wireless Network Adapter-WFP Native MAC Layer LightWeight Filter-0000:
2020-09-20 09:10:47.558+0000 INFO [o.n.i.d.DiagnosticsManager] Interface Qualcomm Atheros QCA9377 Wireless Network Adapter-Virtual WiFi Filter Driver-0000:
2020-09-20 09:10:47.558+0000 INFO [o.n.i.d.DiagnosticsManager] Interface Qualcomm Atheros QCA9377 Wireless Network Adapter-Native WiFi Filter Driver-0000:
2020-09-20 09:10:47.558+0000 INFO [o.n.i.d.DiagnosticsManager] Interface Qualcomm Atheros QCA9377 Wireless Network Adapter-QoS Packet Scheduler-0000:
2020-09-20 09:10:47.558+0000 INFO [o.n.i.d.DiagnosticsManager] Interface Qualcomm Atheros QCA9377 Wireless Network Adapter-WFP 802.3 MAC Layer LightWeight Filter-0000:
2020-09-20 09:10:47.558+0000 INFO [o.n.i.d.DiagnosticsManager] Interface Microsoft Wi-Fi Direct Virtual Adapter #3-WFP Native MAC Layer LightWeight Filter-0000:
2020-09-20 09:10:47.558+0000 INFO [o.n.i.d.DiagnosticsManager] Interface Microsoft Wi-Fi Direct Virtual Adapter #3-Native WiFi Filter Driver-0000:
2020-09-20 09:10:47.558+0000 INFO [o.n.i.d.DiagnosticsManager] Interface WAN Miniport (IP)-WFP Native MAC Layer LightWeight Filter-0000:
2020-09-20 09:10:47.558+0000 INFO [o.n.i.d.DiagnosticsManager] Interface WAN Miniport (IP)-QoS Packet Scheduler-0000:
2020-09-20 09:10:47.558+0000 INFO [o.n.i.d.DiagnosticsManager] Interface WAN Miniport (IPv6)-WFP Native MAC Layer LightWeight Filter-0000:
2020-09-20 09:10:47.558+0000 INFO [o.n.i.d.DiagnosticsManager] Interface WAN Miniport (IPv6)-QoS Packet Scheduler-0000:
2020-09-20 09:10:47.558+0000 INFO [o.n.i.d.DiagnosticsManager] Interface WAN Miniport (Network Monitor)-WFP Native MAC Layer LightWeight Filter-0000:
2020-09-20 09:10:47.558+0000 INFO [o.n.i.d.DiagnosticsManager] Interface WAN Miniport (Network Monitor)-QoS Packet Scheduler-0000:
2020-09-20 09:10:47.558+0000 INFO [o.n.i.d.DiagnosticsManager] Interface Microsoft Wi-Fi Direct Virtual Adapter #3-QoS Packet Scheduler-0000:
2020-09-20 09:10:47.558+0000 INFO [o.n.i.d.DiagnosticsManager] Interface Microsoft Wi-Fi Direct Virtual Adapter #3-WFP 802.3 MAC Layer LightWeight Filter-0000:
2020-09-20 09:10:47.558+0000 INFO [o.n.i.d.DiagnosticsManager] Interface Microsoft Wi-Fi Direct Virtual Adapter #4-WFP Native MAC Layer LightWeight Filter-0000:
2020-09-20 09:10:47.558+0000 INFO [o.n.i.d.DiagnosticsManager] Interface Microsoft Wi-Fi Direct Virtual Adapter #4-Native WiFi Filter Driver-0000:
2020-09-20 09:10:47.558+0000 INFO [o.n.i.d.DiagnosticsManager] Interface Microsoft Wi-Fi Direct Virtual Adapter #4-QoS Packet Scheduler-0000:
2020-09-20 09:10:47.558+0000 INFO [o.n.i.d.DiagnosticsManager] Interface Microsoft Wi-Fi Direct Virtual Adapter #4-WFP 802.3 MAC Layer LightWeight Filter-0000:
2020-09-20 09:10:47.558+0000 INFO [o.n.i.d.DiagnosticsManager] Interface Apple Mobile Device Ethernet:
2020-09-20 09:10:47.558+0000 INFO [o.n.i.d.DiagnosticsManager] --- INITIALIZED diagnostics END ---
2020-09-20 09:10:47.767+0000 INFO [o.n.k.i.s.f.RecordFormatSelector] Selected format 'RecordFormat:StandardV3_4[v0.A.9]' for the new store
2020-09-20 09:10:50.793+0000 INFO [o.n.k.i.i.l.NativeLabelScanStore] No label index found, this might just be first use. Preparing to rebuild.
2020-09-20 09:10:50.996+0000 INFO [o.n.k.NeoStoreDataSource] Rotated to transaction log [E:\neo4j-community-3.5.21-windows\neo4j-community-3.5.21\data\databases\neostore.transaction.db.0] version=0, last transaction in previous log=1
2020-09-20 09:10:50.996+0000 INFO [o.n.k.NeoStoreDataSource] No commits found after last check point (which is at <no log position given>)
2020-09-20 09:10:51.011+0000 WARN [o.n.k.i.s.MetaDataStore] Missing counts store, rebuilding it.
2020-09-20 09:10:51.043+0000 WARN [o.n.k.i.s.MetaDataStore] Counts store rebuild completed.
2020-09-20 09:10:51.089+0000 INFO [o.n.k.i.i.l.NativeLabelScanStore] Rebuilding label index, this may take a while
2020-09-20 09:10:51.152+0000 INFO [o.n.k.i.i.l.NativeLabelScanStore] Label index rebuilt (roughly 0 nodes)
2020-09-20 09:10:51.152+0000 INFO [o.n.i.d.DiagnosticsManager] --- STARTED diagnostics for KernelDiagnostics:Versions START ---
2020-09-20 09:10:51.152+0000 INFO [o.n.i.d.DiagnosticsManager] Graph Database: community single StoreId{creationTime=1600593049215, randomId=-7466441391500557703, storeVersion=16094931155187206, upgradeTime=1600593049215, upgradeId=1}
2020-09-20 09:10:51.152+0000 INFO [o.n.i.d.DiagnosticsManager] Kernel version: 3.5.21,073660fa32a7d31dbfa520767e9a90cb746c3c2a
2020-09-20 09:10:51.168+0000 INFO [o.n.i.d.DiagnosticsManager] --- STARTED diagnostics for KernelDiagnostics:Versions END ---
2020-09-20 09:10:51.168+0000 INFO [o.n.i.d.DiagnosticsManager] --- STARTED diagnostics for NEO_STORE_VERSIONS START ---
2020-09-20 09:10:51.168+0000 INFO [o.n.i.d.DiagnosticsManager] Store versions:
2020-09-20 09:10:51.168+0000 INFO [o.n.i.d.DiagnosticsManager]   ArrayPropertyStore[neostore.nodestore.db.labels] v0.A.9
2020-09-20 09:10:51.168+0000 INFO [o.n.i.d.DiagnosticsManager]   NodeStore[neostore.nodestore.db] v0.A.9
2020-09-20 09:10:51.168+0000 INFO [o.n.i.d.DiagnosticsManager]   StringPropertyStore[neostore.propertystore.db.index.keys] v0.A.9
2020-09-20 09:10:51.168+0000 INFO [o.n.i.d.DiagnosticsManager]   PropertyIndexStore[neostore.propertystore.db.index] v0.A.9
2020-09-20 09:10:51.168+0000 INFO [o.n.i.d.DiagnosticsManager]   StringPropertyStore[neostore.propertystore.db.strings] v0.A.9
2020-09-20 09:10:51.168+0000 INFO [o.n.i.d.DiagnosticsManager]   ArrayPropertyStore[neostore.propertystore.db.arrays] v0.A.9
2020-09-20 09:10:51.168+0000 INFO [o.n.i.d.DiagnosticsManager]   PropertyStore[neostore.propertystore.db] v0.A.9
2020-09-20 09:10:51.168+0000 INFO [o.n.i.d.DiagnosticsManager]   RelationshipStore[neostore.relationshipstore.db] v0.A.9
2020-09-20 09:10:51.168+0000 INFO [o.n.i.d.DiagnosticsManager]   StringPropertyStore[neostore.relationshiptypestore.db.names] v0.A.9
2020-09-20 09:10:51.168+0000 INFO [o.n.i.d.DiagnosticsManager]   RelationshipTypeStore[neostore.relationshiptypestore.db] v0.A.9
2020-09-20 09:10:51.168+0000 INFO [o.n.i.d.DiagnosticsManager]   StringPropertyStore[neostore.labeltokenstore.db.names] v0.A.9
2020-09-20 09:10:51.168+0000 INFO [o.n.i.d.DiagnosticsManager]   LabelTokenStore[neostore.labeltokenstore.db] v0.A.9
2020-09-20 09:10:51.168+0000 INFO [o.n.i.d.DiagnosticsManager]   SchemaStore[neostore.schemastore.db] v0.A.9
2020-09-20 09:10:51.168+0000 INFO [o.n.i.d.DiagnosticsManager]   RelationshipGroupStore[neostore.relationshipgroupstore.db] v0.A.9
2020-09-20 09:10:51.168+0000 INFO [o.n.i.d.DiagnosticsManager]   NeoStore[neostore] v0.A.9
2020-09-20 09:10:51.168+0000 INFO [o.n.i.d.DiagnosticsManager] --- STARTED diagnostics for NEO_STORE_VERSIONS END ---
2020-09-20 09:10:51.168+0000 INFO [o.n.i.d.DiagnosticsManager] --- STARTED diagnostics for NEO_STORE_ID_USAGE START ---
2020-09-20 09:10:51.168+0000 INFO [o.n.i.d.DiagnosticsManager] Id usage:
2020-09-20 09:10:51.183+0000 INFO [o.n.i.d.DiagnosticsManager]   ArrayPropertyStore[neostore.nodestore.db.labels]: used=1 high=0
2020-09-20 09:10:51.183+0000 INFO [o.n.i.d.DiagnosticsManager]   NodeStore[neostore.nodestore.db]: used=0 high=-1
2020-09-20 09:10:51.183+0000 INFO [o.n.i.d.DiagnosticsManager]   StringPropertyStore[neostore.propertystore.db.index.keys]: used=1 high=0
2020-09-20 09:10:51.183+0000 INFO [o.n.i.d.DiagnosticsManager]   PropertyIndexStore[neostore.propertystore.db.index]: used=0 high=-1
2020-09-20 09:10:51.183+0000 INFO [o.n.i.d.DiagnosticsManager]   StringPropertyStore[neostore.propertystore.db.strings]: used=1 high=0
2020-09-20 09:10:51.183+0000 INFO [o.n.i.d.DiagnosticsManager]   ArrayPropertyStore[neostore.propertystore.db.arrays]: used=1 high=0
2020-09-20 09:10:51.183+0000 INFO [o.n.i.d.DiagnosticsManager]   PropertyStore[neostore.propertystore.db]: used=0 high=-1
2020-09-20 09:10:51.183+0000 INFO [o.n.i.d.DiagnosticsManager]   RelationshipStore[neostore.relationshipstore.db]: used=0 high=-1
2020-09-20 09:10:51.183+0000 INFO [o.n.i.d.DiagnosticsManager]   StringPropertyStore[neostore.relationshiptypestore.db.names]: used=1 high=0
2020-09-20 09:10:51.183+0000 INFO [o.n.i.d.DiagnosticsManager]   RelationshipTypeStore[neostore.relationshiptypestore.db]: used=0 high=-1
2020-09-20 09:10:51.183+0000 INFO [o.n.i.d.DiagnosticsManager]   StringPropertyStore[neostore.labeltokenstore.db.names]: used=1 high=0
2020-09-20 09:10:51.183+0000 INFO [o.n.i.d.DiagnosticsManager]   LabelTokenStore[neostore.labeltokenstore.db]: used=0 high=-1
2020-09-20 09:10:51.183+0000 INFO [o.n.i.d.DiagnosticsManager]   SchemaStore[neostore.schemastore.db]: used=1 high=0
2020-09-20 09:10:51.199+0000 INFO [o.n.i.d.DiagnosticsManager]   RelationshipGroupStore[neostore.relationshipgroupstore.db]: used=1 high=0
2020-09-20 09:10:51.199+0000 INFO [o.n.i.d.DiagnosticsManager]   NeoStore[neostore]: used=15 high=14
2020-09-20 09:10:51.214+0000 INFO [o.n.i.d.DiagnosticsManager] --- STARTED diagnostics for NEO_STORE_ID_USAGE END ---
2020-09-20 09:10:51.214+0000 INFO [o.n.i.d.DiagnosticsManager] --- STARTED diagnostics for NEO_STORE_RECORDS START ---
2020-09-20 09:10:51.214+0000 INFO [o.n.i.d.DiagnosticsManager] Neostore records:
2020-09-20 09:10:51.214+0000 INFO [o.n.i.d.DiagnosticsManager] TIME (Creation time): 1600593049215
2020-09-20 09:10:51.214+0000 INFO [o.n.i.d.DiagnosticsManager] RANDOM_NUMBER (Random number for store id): -7466441391500557703
2020-09-20 09:10:51.214+0000 INFO [o.n.i.d.DiagnosticsManager] LOG_VERSION (Current log version): 0
2020-09-20 09:10:51.214+0000 INFO [o.n.i.d.DiagnosticsManager] LAST_TRANSACTION_ID (Last committed transaction): 1
2020-09-20 09:10:51.214+0000 INFO [o.n.i.d.DiagnosticsManager] STORE_VERSION (Store format version): 16094931155187206
2020-09-20 09:10:51.214+0000 INFO [o.n.i.d.DiagnosticsManager] FIRST_GRAPH_PROPERTY (First property record containing graph properties): -1
2020-09-20 09:10:51.214+0000 INFO [o.n.i.d.DiagnosticsManager] LAST_CONSTRAINT_TRANSACTION (Last committed transaction containing constraint changes): 0
2020-09-20 09:10:51.214+0000 INFO [o.n.i.d.DiagnosticsManager] UPGRADE_TRANSACTION_ID (Transaction id most recent upgrade was performed at): 1
2020-09-20 09:10:51.214+0000 INFO [o.n.i.d.DiagnosticsManager] UPGRADE_TIME (Time of last upgrade): 1600593049215
2020-09-20 09:10:51.214+0000 INFO [o.n.i.d.DiagnosticsManager] LAST_TRANSACTION_CHECKSUM (Checksum of last committed transaction): 0
2020-09-20 09:10:51.214+0000 INFO [o.n.i.d.DiagnosticsManager] UPGRADE_TRANSACTION_CHECKSUM (Checksum of transaction id the most recent upgrade was performed at): 0
2020-09-20 09:10:51.214+0000 INFO [o.n.i.d.DiagnosticsManager] LAST_CLOSED_TRANSACTION_LOG_VERSION (Log version where the last transaction commit entry has been written into): 0
2020-09-20 09:10:51.214+0000 INFO [o.n.i.d.DiagnosticsManager] LAST_CLOSED_TRANSACTION_LOG_BYTE_OFFSET (Byte offset in the log file where the last transaction commit entry has been written into): 16
2020-09-20 09:10:51.214+0000 INFO [o.n.i.d.DiagnosticsManager] LAST_TRANSACTION_COMMIT_TIMESTAMP (Commit time timestamp for last committed transaction): 0
2020-09-20 09:10:51.214+0000 INFO [o.n.i.d.DiagnosticsManager] UPGRADE_TRANSACTION_COMMIT_TIMESTAMP (Commit timestamp of transaction the most recent upgrade was performed at): 0
2020-09-20 09:10:51.214+0000 INFO [o.n.i.d.DiagnosticsManager] --- STARTED diagnostics for NEO_STORE_RECORDS END ---
2020-09-20 09:10:51.214+0000 INFO [o.n.i.d.DiagnosticsManager] --- STARTED diagnostics for TRANSACTION_RANGE START ---
2020-09-20 09:10:51.214+0000 INFO [o.n.i.d.DiagnosticsManager] Transaction log:
2020-09-20 09:10:51.214+0000 INFO [o.n.i.d.DiagnosticsManager] No transactions found in any log
2020-09-20 09:10:51.214+0000 INFO [o.n.i.d.DiagnosticsManager] --- STARTED diagnostics for TRANSACTION_RANGE END ---
2020-09-20 09:10:51.230+0000 INFO [o.n.i.d.DiagnosticsManager] --- STARTED diagnostics for KernelDiagnostics:StoreFiles START ---
2020-09-20 09:10:51.230+0000 INFO [o.n.i.d.DiagnosticsManager] Disk space on partition (Total / Free / Free %): 247417692160 / 243239555072 / 98
2020-09-20 09:10:51.230+0000 INFO [o.n.i.d.DiagnosticsManager] Storage files: (filename : modification date - size)
2020-09-20 09:10:51.246+0000 INFO [o.n.i.d.DiagnosticsManager]   index:
2020-09-20 09:10:51.246+0000 INFO [o.n.i.d.DiagnosticsManager]   - Total: 2020-09-20T17:10:50+0800 - 0.00 B
2020-09-20 09:10:51.246+0000 INFO [o.n.i.d.DiagnosticsManager]   neostore: 2020-09-20T17:10:50+0800 - 8.00 kB
2020-09-20 09:10:51.246+0000 INFO [o.n.i.d.DiagnosticsManager]   neostore.counts.db.a: 2020-09-20T17:10:51+0800 - 96.00 B
2020-09-20 09:10:51.261+0000 INFO [o.n.i.d.DiagnosticsManager]   neostore.id: 2020-09-20T17:10:50+0800 - 9.00 B
2020-09-20 09:10:51.261+0000 INFO [o.n.i.d.DiagnosticsManager]   neostore.labelscanstore.db: 2020-09-20T17:10:51+0800 - 40.00 kB
2020-09-20 09:10:51.261+0000 INFO [o.n.i.d.DiagnosticsManager]   neostore.labeltokenstore.db: 2020-09-20T17:10:48+0800 - 0.00 B
2020-09-20 09:10:51.261+0000 INFO [o.n.i.d.DiagnosticsManager]   neostore.labeltokenstore.db.id: 2020-09-20T17:10:48+0800 - 9.00 B
2020-09-20 09:10:51.261+0000 INFO [o.n.i.d.DiagnosticsManager]   neostore.labeltokenstore.db.names: 2020-09-20T17:10:48+0800 - 8.00 kB
2020-09-20 09:10:51.261+0000 INFO [o.n.i.d.DiagnosticsManager]   neostore.labeltokenstore.db.names.id: 2020-09-20T17:10:48+0800 - 9.00 B
2020-09-20 09:10:51.261+0000 INFO [o.n.i.d.DiagnosticsManager]   neostore.nodestore.db: 2020-09-20T17:10:48+0800 - 0.00 B
2020-09-20 09:10:51.261+0000 INFO [o.n.i.d.DiagnosticsManager]   neostore.nodestore.db.id: 2020-09-20T17:10:48+0800 - 9.00 B
2020-09-20 09:10:51.261+0000 INFO [o.n.i.d.DiagnosticsManager]   neostore.nodestore.db.labels: 2020-09-20T17:10:48+0800 - 8.00 kB
2020-09-20 09:10:51.261+0000 INFO [o.n.i.d.DiagnosticsManager]   neostore.nodestore.db.labels.id: 2020-09-20T17:10:48+0800 - 9.00 B
2020-09-20 09:10:51.261+0000 INFO [o.n.i.d.DiagnosticsManager]   neostore.propertystore.db: 2020-09-20T17:10:48+0800 - 0.00 B
2020-09-20 09:10:51.261+0000 INFO [o.n.i.d.DiagnosticsManager]   neostore.propertystore.db.arrays: 2020-09-20T17:10:48+0800 - 8.00 kB
2020-09-20 09:10:51.261+0000 INFO [o.n.i.d.DiagnosticsManager]   neostore.propertystore.db.arrays.id: 2020-09-20T17:10:48+0800 - 9.00 B
2020-09-20 09:10:51.277+0000 INFO [o.n.i.d.DiagnosticsManager]   neostore.propertystore.db.id: 2020-09-20T17:10:48+0800 - 9.00 B
2020-09-20 09:10:51.277+0000 INFO [o.n.i.d.DiagnosticsManager]   neostore.propertystore.db.index: 2020-09-20T17:10:48+0800 - 0.00 B
2020-09-20 09:10:51.277+0000 INFO [o.n.i.d.DiagnosticsManager]   neostore.propertystore.db.index.id: 2020-09-20T17:10:48+0800 - 9.00 B
2020-09-20 09:10:51.277+0000 INFO [o.n.i.d.DiagnosticsManager]   neostore.propertystore.db.index.keys: 2020-09-20T17:10:48+0800 - 8.00 kB
2020-09-20 09:10:51.277+0000 INFO [o.n.i.d.DiagnosticsManager]   neostore.propertystore.db.index.keys.id: 2020-09-20T17:10:48+0800 - 9.00 B
2020-09-20 09:10:51.277+0000 INFO [o.n.i.d.DiagnosticsManager]   neostore.propertystore.db.strings: 2020-09-20T17:10:48+0800 - 8.00 kB
2020-09-20 09:10:51.277+0000 INFO [o.n.i.d.DiagnosticsManager]   neostore.propertystore.db.strings.id: 2020-09-20T17:10:48+0800 - 9.00 B
2020-09-20 09:10:51.277+0000 INFO [o.n.i.d.DiagnosticsManager]   neostore.relationshipgroupstore.db: 2020-09-20T17:10:49+0800 - 8.00 kB
2020-09-20 09:10:51.277+0000 INFO [o.n.i.d.DiagnosticsManager]   neostore.relationshipgroupstore.db.id: 2020-09-20T17:10:49+0800 - 9.00 B
2020-09-20 09:10:51.277+0000 INFO [o.n.i.d.DiagnosticsManager]   neostore.relationshipstore.db: 2020-09-20T17:10:48+0800 - 0.00 B
2020-09-20 09:10:51.277+0000 INFO [o.n.i.d.DiagnosticsManager]   neostore.relationshipstore.db.id: 2020-09-20T17:10:48+0800 - 9.00 B
2020-09-20 09:10:51.277+0000 INFO [o.n.i.d.DiagnosticsManager]   neostore.relationshiptypestore.db: 2020-09-20T17:10:48+0800 - 0.00 B
2020-09-20 09:10:51.277+0000 INFO [o.n.i.d.DiagnosticsManager]   neostore.relationshiptypestore.db.id: 2020-09-20T17:10:48+0800 - 9.00 B
2020-09-20 09:10:51.277+0000 INFO [o.n.i.d.DiagnosticsManager]   neostore.relationshiptypestore.db.names: 2020-09-20T17:10:48+0800 - 8.00 kB
2020-09-20 09:10:51.277+0000 INFO [o.n.i.d.DiagnosticsManager]   neostore.relationshiptypestore.db.names.id: 2020-09-20T17:10:48+0800 - 9.00 B
2020-09-20 09:10:51.277+0000 INFO [o.n.i.d.DiagnosticsManager]   neostore.schemastore.db: 2020-09-20T17:10:48+0800 - 8.00 kB
2020-09-20 09:10:51.277+0000 INFO [o.n.i.d.DiagnosticsManager]   neostore.schemastore.db.id: 2020-09-20T17:10:49+0800 - 9.00 B
2020-09-20 09:10:51.277+0000 INFO [o.n.i.d.DiagnosticsManager]   neostore.transaction.db.0: 2020-09-20T17:10:50+0800 - 16.00 B
2020-09-20 09:10:51.277+0000 INFO [o.n.i.d.DiagnosticsManager] Storage summary: 
2020-09-20 09:10:51.277+0000 INFO [o.n.i.d.DiagnosticsManager]   Total size of store: 112.24 kB
2020-09-20 09:10:51.277+0000 INFO [o.n.i.d.DiagnosticsManager]   Total size of mapped files: 112.00 kB
2020-09-20 09:10:51.277+0000 INFO [o.n.i.d.DiagnosticsManager] --- STARTED diagnostics for KernelDiagnostics:StoreFiles END ---
2020-09-20 09:10:51.277+0000 INFO [o.n.k.a.DatabaseAvailabilityGuard] Fulfilling of requirement 'Database available' makes database databases available.
2020-09-20 09:10:51.292+0000 INFO [o.n.k.a.DatabaseAvailabilityGuard] Database databases is ready.
2020-09-20 09:10:51.292+0000 INFO [o.n.k.i.DatabaseHealth] Database health set to OK
